[ 2016-01-13T02:23:45+08:00 ] 192.168.3.63 /index.php/Gii/index
INFO: [ app_init ] --START--
INFO: Run Behavior\BuildLiteBehavior [ RunTime:0.000030s ]
INFO: [ app_init ] --END-- [ RunTime:0.000539s ]
INFO: [ app_begin ] --START--
INFO: Run Behavior\ReadHtmlCacheBehavior [ RunTime:0.000771s ]
INFO: [ app_begin ] --END-- [ RunTime:0.000911s ]
INFO: [ view_parse ] --START--
INFO: [ template_filter ] --START--
INFO: Run Behavior\ContentReplaceBehavior [ RunTime:0.000170s ]
INFO: [ template_filter ] --END-- [ RunTime:0.000280s ]
NOTIC: [8] Undefined variable: id /home/www/shop/admin.shop.com/Runtime/Cache/Admin/88ea83518d089b284a8ce1d46985ec7e.php 第 37 行.
INFO: Run Behavior\ParseTemplateBehavior [ RunTime:0.011830s ]
INFO: [ view_parse ] --END-- [ RunTime:0.011913s ]
INFO: [ view_filter ] --START--
INFO: Run Behavior\WriteHtmlCacheBehavior [ RunTime:0.000153s ]
INFO: [ view_filter ] --END-- [ RunTime:0.000212s ]
INFO: [ app_end ] --START--
INFO: Run Behavior\ShowPageTraceBehavior [ RunTime:0.000834s ]
INFO: [ app_end ] --END-- [ RunTime:0.000904s ]

[ 2016-01-13T02:23:48+08:00 ] 192.168.3.63 /index.php/Gii/index.html
INFO: [ app_init ] --START--
INFO: Run Behavior\BuildLiteBehavior [ RunTime:0.000061s ]
INFO: [ app_init ] --END-- [ RunTime:0.000475s ]
INFO: [ app_begin ] --START--
INFO: Run Behavior\ReadHtmlCacheBehavior [ RunTime:0.000806s ]
INFO: [ app_begin ] --END-- [ RunTime:0.000887s ]
SQL: select  TABLE_COMMENT from information_schema.`TABLES`  where TABLE_SCHEMA = 'shop1009' and TABLE_NAME = 'brand' [ RunTime:0.0016s ]
NOTIC: [2] define() expects at least 2 parameters, 1 given /home/www/shop/admin.shop.com/Application/Admin/Controller/GiiController.class.php 第 29 行.
SQL: show full columns from brand [ RunTime:0.0025s ]

[ 2016-01-13T02:24:00+08:00 ] 192.168.3.63 /index.php/Gii/index.html
INFO: [ app_init ] --START--
INFO: Run Behavior\BuildLiteBehavior [ RunTime:0.000025s ]
INFO: [ app_init ] --END-- [ RunTime:0.000542s ]
INFO: [ app_begin ] --START--
INFO: Run Behavior\ReadHtmlCacheBehavior [ RunTime:0.000601s ]
INFO: [ app_begin ] --END-- [ RunTime:0.000683s ]
SQL: select  TABLE_COMMENT from information_schema.`TABLES`  where TABLE_SCHEMA = 'shop1009' and TABLE_NAME = 'brand' [ RunTime:0.0008s ]
NOTIC: [2] define() expects at least 2 parameters, 1 given /home/www/shop/admin.shop.com/Application/Admin/Controller/GiiController.class.php 第 29 行.
SQL: show full columns from brand [ RunTime:0.0008s ]

[ 2016-01-13T02:35:54+08:00 ] 192.168.3.63 /index.php/Gii/index.html
INFO: [ app_init ] --START--
INFO: Run Behavior\BuildLiteBehavior [ RunTime:0.000029s ]
INFO: [ app_init ] --END-- [ RunTime:0.000744s ]
INFO: [ app_begin ] --START--
INFO: Run Behavior\ReadHtmlCacheBehavior [ RunTime:0.000500s ]
INFO: [ app_begin ] --END-- [ RunTime:0.000552s ]
SQL: select  TABLE_COMMENT from information_schema.`TABLES`  where TABLE_SCHEMA = 'shop1009' and TABLE_NAME = 'brand' [ RunTime:0.0008s ]
NOTIC: [2] define() expects at least 2 parameters, 1 given /home/www/shop/admin.shop.com/Application/Admin/Controller/GiiController.class.php 第 29 行.
SQL: show full columns from brand [ RunTime:0.0009s ]

[ 2016-01-13T02:44:35+08:00 ] 192.168.3.63 /index.php/Gii/index.html
INFO: [ app_init ] --START--
INFO: Run Behavior\BuildLiteBehavior [ RunTime:0.000027s ]
INFO: [ app_init ] --END-- [ RunTime:0.000604s ]
INFO: [ app_begin ] --START--
INFO: Run Behavior\ReadHtmlCacheBehavior [ RunTime:0.000629s ]
INFO: [ app_begin ] --END-- [ RunTime:0.000748s ]
SQL: select  TABLE_COMMENT from information_schema.`TABLES`  where TABLE_SCHEMA = 'shop1009' and TABLE_NAME = 'brand' [ RunTime:0.0011s ]
NOTIC: [2] define() expects at least 2 parameters, 1 given /home/www/shop/admin.shop.com/Application/Admin/Controller/GiiController.class.php 第 29 行.
SQL: show full columns from brand [ RunTime:0.0013s ]

[ 2016-01-13T03:27:32+08:00 ] 192.168.3.63 /index.php/Gii/index.html
INFO: [ app_init ] --START--
INFO: Run Behavior\BuildLiteBehavior [ RunTime:0.000032s ]
INFO: [ app_init ] --END-- [ RunTime:0.000793s ]
INFO: [ app_begin ] --START--
INFO: Run Behavior\ReadHtmlCacheBehavior [ RunTime:0.001204s ]
INFO: [ app_begin ] --END-- [ RunTime:0.001454s ]
SQL: select  TABLE_COMMENT from information_schema.`TABLES`  where TABLE_SCHEMA = 'shop1009' and TABLE_NAME = 'brand' [ RunTime:0.0013s ]
NOTIC: [2] define() expects at least 2 parameters, 1 given /home/www/shop/admin.shop.com/Application/Admin/Controller/GiiController.class.php 第 29 行.
SQL: show full columns from brand [ RunTime:0.0014s ]

[ 2016-01-13T03:27:34+08:00 ] 192.168.3.63 /index.php/Gii/index.html
INFO: [ app_init ] --START--
INFO: Run Behavior\BuildLiteBehavior [ RunTime:0.000026s ]
INFO: [ app_init ] --END-- [ RunTime:0.000555s ]
INFO: [ app_begin ] --START--
INFO: Run Behavior\ReadHtmlCacheBehavior [ RunTime:0.000828s ]
INFO: [ app_begin ] --END-- [ RunTime:0.000912s ]
SQL: select  TABLE_COMMENT from information_schema.`TABLES`  where TABLE_SCHEMA = 'shop1009' and TABLE_NAME = 'brand' [ RunTime:0.0011s ]
NOTIC: [2] define() expects at least 2 parameters, 1 given /home/www/shop/admin.shop.com/Application/Admin/Controller/GiiController.class.php 第 29 行.
SQL: show full columns from brand [ RunTime:0.0012s ]

[ 2016-01-13T03:27:40+08:00 ] 192.168.3.63 /index.php/Gii/index.html
INFO: [ app_init ] --START--
INFO: Run Behavior\BuildLiteBehavior [ RunTime:0.000021s ]
INFO: [ app_init ] --END-- [ RunTime:0.000616s ]
INFO: [ app_begin ] --START--
INFO: Run Behavior\ReadHtmlCacheBehavior [ RunTime:0.000706s ]
INFO: [ app_begin ] --END-- [ RunTime:0.000857s ]
SQL: select  TABLE_COMMENT from information_schema.`TABLES`  where TABLE_SCHEMA = 'shop1009' and TABLE_NAME = 'brand' [ RunTime:0.0007s ]
NOTIC: [2] define() expects at least 2 parameters, 1 given /home/www/shop/admin.shop.com/Application/Admin/Controller/GiiController.class.php 第 29 行.
SQL: show full columns from brand [ RunTime:0.0021s ]

